
************************ setup ************************
  file loaded:		benchs/optim/medium/ex2_1_8.bch
  random seed:		1
  output COV file:	benchs/optim/medium/ex2_1_8.cov
*******************************************************

running............

[32m optimization successful!
[0m
 f* in	[15623.3766051,15638.9999817]
	(best bound)

 x* =	(6.00000000001 ; 1.999999991 ; 0 ; 0 ; 0 ; 2.99999998201 ; 0 ; 21.000000009 ; 20.000000009 ; 0 ; 0 ; 0 ; 0 ; 24.000000009 ; 0 ; 0 ; 2.99999998201 ; 0 ; 13.000000009 ; 0 ; 0 ; 12.0000000091 ; 0 ; 0)
	(best feasible point)

 relative precision on f*:	0.001[32m [passed] [0m
 absolute precision on f*:	15.6233766051
 cpu time used:			20.0898560001s
 number of cells:		1650

 results written in benchs/optim/medium/ex2_1_8.cov
 (old file saved in benchs/optim/medium/ex2_1_8.cov~)

************************ setup ************************
  file loaded:		benchs/optim/medium/ex2_1_8.bch
  random seed:		2
  output COV file:	benchs/optim/medium/ex2_1_8.cov
*******************************************************

running............

[32m optimization successful!
[0m
 f* in	[15623.3766051,15638.9999817]
	(best bound)

 x* =	(6.00000000001 ; 1.999999991 ; 0 ; 0 ; 0 ; 2.99999998201 ; 0 ; 21.000000009 ; 20.000000009 ; 0 ; 0 ; 0 ; 0 ; 24.000000009 ; 0 ; 0 ; 2.99999998201 ; 0 ; 13.000000009 ; 0 ; 0 ; 12.0000000091 ; 0 ; 0)
	(best feasible point)

 relative precision on f*:	0.001[32m [passed] [0m
 absolute precision on f*:	15.6233766051
 cpu time used:			14.4689960001s
 number of cells:		1616

 results written in benchs/optim/medium/ex2_1_8.cov
 (old file saved in benchs/optim/medium/ex2_1_8.cov~)

************************ setup ************************
  file loaded:		benchs/optim/medium/ex2_1_8.bch
  random seed:		3
  output COV file:	benchs/optim/medium/ex2_1_8.cov
*******************************************************

running............

[32m optimization successful!
[0m
 f* in	[15623.3766051,15638.9999817]
	(best bound)

 x* =	(6.00000000001 ; 1.999999991 ; 0 ; 0 ; 0 ; 2.99999998201 ; 0 ; 21.000000009 ; 20.000000009 ; 0 ; 0 ; 0 ; 0 ; 24.000000009 ; 0 ; 0 ; 2.99999998201 ; 0 ; 13.000000009 ; 0 ; 0 ; 12.0000000091 ; 0 ; 0)
	(best feasible point)

 relative precision on f*:	0.001[32m [passed] [0m
 absolute precision on f*:	15.6233766051
 cpu time used:			15.8368320001s
 number of cells:		1578

 results written in benchs/optim/medium/ex2_1_8.cov
 (old file saved in benchs/optim/medium/ex2_1_8.cov~)

************************ setup ************************
  file loaded:		benchs/optim/medium/ex2_1_8.bch
  random seed:		4
  output COV file:	benchs/optim/medium/ex2_1_8.cov
*******************************************************

running............

[32m optimization successful!
[0m
 f* in	[15623.3766051,15638.9999817]
	(best bound)

 x* =	(6.00000000001 ; 1.999999991 ; 0 ; 0 ; 0 ; 2.99999998201 ; 0 ; 21.000000009 ; 20.000000009 ; 0 ; 0 ; 0 ; 0 ; 24.000000009 ; 0 ; 0 ; 2.99999998201 ; 0 ; 13.000000009 ; 0 ; 0 ; 12.0000000091 ; 0 ; 0)
	(best feasible point)

 relative precision on f*:	0.001[32m [passed] [0m
 absolute precision on f*:	15.6233766051
 cpu time used:			14.5305820001s
 number of cells:		1722

 results written in benchs/optim/medium/ex2_1_8.cov
 (old file saved in benchs/optim/medium/ex2_1_8.cov~)

************************ setup ************************
  file loaded:		benchs/optim/medium/ex2_1_8.bch
  random seed:		5
  output COV file:	benchs/optim/medium/ex2_1_8.cov
*******************************************************

running............

[32m optimization successful!
[0m
 f* in	[15623.3766051,15638.9999817]
	(best bound)

 x* =	(6.00000000001 ; 1.999999991 ; 0 ; 0 ; 0 ; 2.99999998201 ; 0 ; 21.000000009 ; 20.000000009 ; 0 ; 0 ; 0 ; 0 ; 24.000000009 ; 0 ; 0 ; 2.99999998201 ; 0 ; 13.000000009 ; 0 ; 0 ; 12.0000000091 ; 0 ; 0)
	(best feasible point)

 relative precision on f*:	0.001[32m [passed] [0m
 absolute precision on f*:	15.6233766051
 cpu time used:			16.2252220001s
 number of cells:		1702

 results written in benchs/optim/medium/ex2_1_8.cov
 (old file saved in benchs/optim/medium/ex2_1_8.cov~)

************************ setup ************************
  file loaded:		benchs/optim/medium/ex2_1_9.bch
  random seed:		1
  output COV file:	benchs/optim/medium/ex2_1_9.cov
*******************************************************

running............

[32m optimization successful!
[0m
 f* in	[-0.375375382132,-0.375000006749]
	(best bound)

 x* =	(0 ; 0 ; 0 ; 0.25 ; 0.25 ; 0.25 ; 0.250000009 ; 0 ; 0 ; 0)
	(best feasible point)

 relative precision on f*:	0.001[32m [passed] [0m
 absolute precision on f*:	0.000375375382133
 cpu time used:			12.5625410001s
 number of cells:		4994

 results written in benchs/optim/medium/ex2_1_9.cov
 (old file saved in benchs/optim/medium/ex2_1_9.cov~)

************************ setup ************************
  file loaded:		benchs/optim/medium/ex2_1_9.bch
  random seed:		2
  output COV file:	benchs/optim/medium/ex2_1_9.cov
*******************************************************

running............

[32m optimization successful!
[0m
 f* in	[-0.375373830631,-0.3749984568]
	(best bound)

 x* =	(0 ; 0 ; 0 ; 0.25 ; 0.250157555338 ; 0.248683756789 ; 0.251158696874 ; 0 ; 0 ; 0)
	(best feasible point)

 relative precision on f*:	0.001[32m [passed] [0m
 absolute precision on f*:	0.000375373830632
 cpu time used:			12.5102500001s
 number of cells:		5244

 results written in benchs/optim/medium/ex2_1_9.cov
 (old file saved in benchs/optim/medium/ex2_1_9.cov~)

************************ setup ************************
  file loaded:		benchs/optim/medium/ex2_1_9.bch
  random seed:		3
  output COV file:	benchs/optim/medium/ex2_1_9.cov
*******************************************************

running............

[32m optimization successful!
[0m
 f* in	[-0.375375382132,-0.375000006749]
	(best bound)

 x* =	(0 ; 0 ; 0 ; 0.25 ; 0.25 ; 0.250000009 ; 0.25 ; 0 ; 0 ; 0)
	(best feasible point)

 relative precision on f*:	0.001[32m [passed] [0m
 absolute precision on f*:	0.000375375382133
 cpu time used:			13.2693900001s
 number of cells:		5006

 results written in benchs/optim/medium/ex2_1_9.cov
 (old file saved in benchs/optim/medium/ex2_1_9.cov~)

************************ setup ************************
  file loaded:		benchs/optim/medium/ex2_1_9.bch
  random seed:		4
  output COV file:	benchs/optim/medium/ex2_1_9.cov
*******************************************************

running............

[32m optimization successful!
[0m
 f* in	[-0.375375334838,-0.374999959503]
	(best bound)

 x* =	(0 ; 0 ; 0 ; 0.25 ; 0.249782644754 ; 0.250217367997 ; 0.249999996251 ; 0 ; 0 ; 0)
	(best feasible point)

 relative precision on f*:	0.001[32m [passed] [0m
 absolute precision on f*:	0.000375375334839
 cpu time used:			12.1301910001s
 number of cells:		5184

 results written in benchs/optim/medium/ex2_1_9.cov
 (old file saved in benchs/optim/medium/ex2_1_9.cov~)

************************ setup ************************
  file loaded:		benchs/optim/medium/ex2_1_9.bch
  random seed:		5
  output COV file:	benchs/optim/medium/ex2_1_9.cov
*******************************************************

running............

[32m optimization successful!
[0m
 f* in	[-0.375374553838,-0.374999179284]
	(best bound)

 x* =	(0 ; 0 ; 0 ; 0.250909655722 ; 0.25 ; 0.249090353279 ; 0.25 ; 0 ; 0 ; 0)
	(best feasible point)

 relative precision on f*:	0.001[32m [passed] [0m
 absolute precision on f*:	0.000375374553839
 cpu time used:			12.0310390001s
 number of cells:		5114

 results written in benchs/optim/medium/ex2_1_9.cov
 (old file saved in benchs/optim/medium/ex2_1_9.cov~)

************************ setup ************************
  file loaded:		benchs/optim/medium/ex6_1_3bis.bch
  random seed:		1
  output COV file:	benchs/optim/medium/ex6_1_3bis.cov
*******************************************************

running............

[32m optimization successful!
[0m
 f* in	[-0.352225567543,-0.351873341976]
	(best bound)

 x* =	(0.299490768992 ; 9.2400088501e-06 ; 0.0684174776905 ; 0.13138253131 ; 0.499399909001 ; 1.00000000001e-07)
	(best feasible point)

 relative precision on f*:	0.001[32m [passed] [0m
 absolute precision on f*:	0.000352225567544
 cpu time used:			24.1148720001s
 number of cells:		11256

 results written in benchs/optim/medium/ex6_1_3bis.cov
 (old file saved in benchs/optim/medium/ex6_1_3bis.cov~)

************************ setup ************************
  file loaded:		benchs/optim/medium/ex6_1_3bis.bch
  random seed:		2
  output COV file:	benchs/optim/medium/ex6_1_3bis.cov
*******************************************************

running............

[32m optimization successful!
[0m
 f* in	[-0.352230849304,-0.351878618454]
	(best bound)

 x* =	(0.299490768992 ; 9.2400088501e-06 ; 0.0680126726662 ; 0.131787336334 ; 0.499399909001 ; 1.00000000001e-07)
	(best feasible point)

 relative precision on f*:	0.001[32m [passed] [0m
 absolute precision on f*:	0.000352230849305
 cpu time used:			21.8199330001s
 number of cells:		11154

 results written in benchs/optim/medium/ex6_1_3bis.cov
 (old file saved in benchs/optim/medium/ex6_1_3bis.cov~)

************************ setup ************************
  file loaded:		benchs/optim/medium/ex6_1_3bis.bch
  random seed:		3
  output COV file:	benchs/optim/medium/ex6_1_3bis.cov
*******************************************************

running............

[32m optimization successful!
[0m
 f* in	[-0.352236647912,-0.351884411265]
	(best bound)

 x* =	(0.299495338996 ; 4.67000442505e-06 ; 0.06723674146 ; 0.132563267541 ; 0.499399909001 ; 1.00000000001e-07)
	(best feasible point)

 relative precision on f*:	0.001[32m [passed] [0m
 absolute precision on f*:	0.000352236647913
 cpu time used:			24.2954190001s
 number of cells:		11312

 results written in benchs/optim/medium/ex6_1_3bis.cov
 (old file saved in benchs/optim/medium/ex6_1_3bis.cov~)

************************ setup ************************
  file loaded:		benchs/optim/medium/ex6_1_3bis.bch
  random seed:		4
  output COV file:	benchs/optim/medium/ex6_1_3bis.cov
*******************************************************

running............

[32m optimization successful!
[0m
 f* in	[-0.352235837744,-0.351883601906]
	(best bound)

 x* =	(0.299490768992 ; 9.2400088501e-06 ; 0.0650759196524 ; 0.134724089348 ; 0.499399909001 ; 1.00000000001e-07)
	(best feasible point)

 relative precision on f*:	0.001[32m [passed] [0m
 absolute precision on f*:	0.000352235837745
 cpu time used:			22.8271440001s
 number of cells:		11050

 results written in benchs/optim/medium/ex6_1_3bis.cov
 (old file saved in benchs/optim/medium/ex6_1_3bis.cov~)

************************ setup ************************
  file loaded:		benchs/optim/medium/ex6_1_3bis.bch
  random seed:		5
  output COV file:	benchs/optim/medium/ex6_1_3bis.cov
*******************************************************

running............

[32m optimization successful!
[0m
 f* in	[-0.352240572814,-0.351888332241]
	(best bound)

 x* =	(0.299490768992 ; 9.2400088501e-06 ; 0.0659341425278 ; 0.133865866473 ; 0.499399909001 ; 1.00000000001e-07)
	(best feasible point)

 relative precision on f*:	0.001[32m [passed] [0m
 absolute precision on f*:	0.000352240572814
 cpu time used:			24.6468280001s
 number of cells:		11154

 results written in benchs/optim/medium/ex6_1_3bis.cov
 (old file saved in benchs/optim/medium/ex6_1_3bis.cov~)

************************ setup ************************
  file loaded:		benchs/optim/medium/launch.bch
  random seed:		1
  output COV file:	benchs/optim/medium/launch.cov
*******************************************************

running............

[32m optimization successful!
[0m
 f* in	[2257.79755596,2257.79965135]
	(best bound)

 x* =	(68.0797970432 ; 28.311475915 ; 11.3113673261 ; 136.159594107 ; 47.1857932081 ; 16.1590961943 ; 2178.55341872 ; 566.229320749 ; 145.431853875 ; 2.50000334585 ; 3112.2190802 ; 797.506067367 ; 184.090953408 ; 125 ; 75 ; 50 ; 3734.67039712 ; 478.506572415 ; 128.863807661 ; 746.934079421 ; 95.7013144811 ; 128.863807655 ; 0.299999979889 ; 0.289999983795 ; 0.209999996328 ; 1.20000241014 ; 0.600003676443 ; 0.700000761939 ; 158.902102765 ; 325.989060198 ; 419.287050193 ; 272.404144023 ; 275.485394564 ; 371.520573732 ; 10429.3569426 ; 10844.3190008 ; 18438.0455558 ; 39711.721499)
	(best feasible point)

 relative precision on f*:	9.2806900675e-07[32m [passed] [0m
 absolute precision on f*:	0.0020953919352
 cpu time used:			3.61698000001s
 number of cells:		112

 results written in benchs/optim/medium/launch.cov
 (old file saved in benchs/optim/medium/launch.cov~)

************************ setup ************************
  file loaded:		benchs/optim/medium/launch.bch
  random seed:		2
  output COV file:	benchs/optim/medium/launch.cov
*******************************************************

running............

[32m optimization successful!
[0m
 f* in	[2255.58141601,2257.83699742]
	(best bound)

 x* =	(68.0807362818 ; 28.3117242895 ; 11.311442163 ; 136.161472582 ; 47.1862071607 ; 16.1592031042 ; 2178.57400054 ; 566.232793147 ; 145.432677785 ; 2.50001052536 ; 3112.24636484 ; 797.510891713 ; 184.091891421 ; 125 ; 75 ; 50 ; 3734.78502899 ; 478.572528265 ; 128.869662211 ; 746.957005796 ; 95.7145056511 ; 128.869662202 ; 0.29999950353 ; 0.289999924727 ; 0.209999546131 ; 1.2000287224 ; 0.600082748999 ; 0.700028997514 ; 154.85203476 ; 284.378728923 ; 413.647510147 ; 265.466796623 ; 240.353170874 ; 366.538082906 ; 10163.7647245 ; 9461.36143003 ; 18190.7965047 ; 37815.9226592)
	(best feasible point)

 relative precision on f*:	0.001[32m [passed] [0m
 absolute precision on f*:	2.25558141601
 cpu time used:			2.17030800001s
 number of cells:		70

 results written in benchs/optim/medium/launch.cov
 (old file saved in benchs/optim/medium/launch.cov~)

************************ setup ************************
  file loaded:		benchs/optim/medium/launch.bch
  random seed:		3
  output COV file:	benchs/optim/medium/launch.cov
*******************************************************

running............

[32m optimization successful!
[0m
 f* in	[2257.79585253,2257.79769566]
	(best bound)

 x* =	(68.0797589259 ; 28.3114539682 ; 11.3113636554 ; 136.159517838 ; 47.185756614 ; 16.1590909445 ; 2178.55227947 ; 566.229078793 ; 145.431818357 ; 2.5000000127 ; 3112.21754203 ; 797.505744717 ; 184.090909305 ; 125 ; 75 ; 50 ; 3734.66121531 ; 478.503727695 ; 128.863691304 ; 746.932243061 ; 95.7007455372 ; 128.863691302 ; 0.299999999988 ; 0.289999999957 ; 0.209999999925 ; 1.20000005298 ; 0.600000352167 ; 0.700000297588 ; 146.184982024 ; 284.709722363 ; 400.881906307 ; 250.602837385 ; 240.599906583 ; 355.21196673 ; 9594.6642289 ; 9471.07205152 ; 17628.6720459 ; 36694.4083263)
	(best feasible point)

 relative precision on f*:	8.16342293145e-07[32m [passed] [0m
 absolute precision on f*:	0.0018431342437
 cpu time used:			7.82025600001s
 number of cells:		232

 results written in benchs/optim/medium/launch.cov
 (old file saved in benchs/optim/medium/launch.cov~)

************************ setup ************************
  file loaded:		benchs/optim/medium/launch.bch
  random seed:		4
  output COV file:	benchs/optim/medium/launch.cov
*******************************************************

running............

[32m optimization successful!
[0m
 f* in	[2257.79755597,2257.79755631]
	(best bound)

 x* =	(68.0797585067 ; 28.3114538514 ; 11.3113636244 ; 136.159517032 ; 47.185756435 ; 16.1590908931 ; 2178.55227247 ; 566.229077218 ; 145.431818037 ; 2.50000000001 ; 3112.21753208 ; 797.505742573 ; 184.09090892 ; 125 ; 75 ; 50 ; 3734.66103963 ; 478.503445556 ; 128.863636247 ; 746.932207924 ; 95.7006891104 ; 128.863636248 ; 0.299999999997 ; 0.29 ; 0.21 ; 1.20000000037 ; 0.600000000003 ; 0.700000000001 ; 161.193843875 ; 341.423925941 ; 387.376505836 ; 276.332303867 ; 288.527261371 ; 343.2450052 ; 10579.7512064 ; 11357.7038319 ; 17034.7685141 ; 38972.2235523)
	(best feasible point)

 relative precision on f*:	1.48771910975e-10[32m [passed] [0m
 absolute precision on f*:	3.35896856996e-07
 cpu time used:			416.407648001s
 number of cells:		13292

 results written in benchs/optim/medium/launch.cov
 (old file saved in benchs/optim/medium/launch.cov~)

************************ setup ************************
  file loaded:		benchs/optim/medium/launch.bch
  random seed:		5
  output COV file:	benchs/optim/medium/launch.cov
*******************************************************

running............

[32m optimization successful!
[0m
 f* in	[2255.5421869,2257.79772908]
	(best bound)

 x* =	(68.0797638733 ; 28.311454939 ; 11.3113636559 ; 136.159527763 ; 47.1857582286 ; 16.1590909487 ; 2178.55233991 ; 566.229087053 ; 145.431818482 ; 2.50000004616 ; 3112.21762242 ; 797.505754751 ; 184.090909472 ; 125 ; 75 ; 50 ; 3734.66140903 ; 478.503677757 ; 128.863677903 ; 746.932281804 ; 95.7007355494 ; 128.863677895 ; 0.299999998646 ; 0.289999998531 ; 0.209999999997 ; 1.20000008423 ; 0.600000282001 ; 0.700000224143 ; 158.857940934 ; 293.989289491 ; 394.245563635 ; 272.327917331 ; 248.441769346 ; 349.331623968 ; 10426.4379603 ; 9779.76234844 ; 17336.8388727 ; 37543.0391814)
	(best feasible point)

 relative precision on f*:	0.001[32m [passed] [0m
 absolute precision on f*:	2.2555421869
 cpu time used:			5.05940700001s
 number of cells:		152

 results written in benchs/optim/medium/launch.cov
 (old file saved in benchs/optim/medium/launch.cov~)

************************ setup ************************
  file loaded:		benchs/optim/medium/ex14_2_7.bch
  random seed:		1
  output COV file:	benchs/optim/medium/ex14_2_7.cov
*******************************************************

running............

[32m optimization successful!
[0m
 f* in	[0,2.5570610583e-08]
	(best bound)

 x* =	(0.322380676908 ; 0.322501509746 ; 0.222344210769 ; 0.132773611579 ; 63.5589270079 ; 2.5570610583e-08)
	(best feasible point)

 relative precision on f*:	inf
 absolute precision on f*:	2.5570610583e-08[32m [passed] [0m
 cpu time used:			82.9818050001s
 number of cells:		13502

 results written in benchs/optim/medium/ex14_2_7.cov
 (old file saved in benchs/optim/medium/ex14_2_7.cov~)

************************ setup ************************
  file loaded:		benchs/optim/medium/ex14_2_7.bch
  random seed:		2
  output COV file:	benchs/optim/medium/ex14_2_7.cov
*******************************************************

running............

[32m optimization successful!
[0m
 f* in	[0,9.56280482579e-08]
	(best bound)

 x* =	(0.322380654737 ; 0.322501610688 ; 0.222344169717 ; 0.13277357386 ; 63.5589279671 ; 9.56280482579e-08)
	(best feasible point)

 relative precision on f*:	inf
 absolute precision on f*:	9.56280482579e-08[32m [passed] [0m
 cpu time used:			74.5774470001s
 number of cells:		12196

 results written in benchs/optim/medium/ex14_2_7.cov
 (old file saved in benchs/optim/medium/ex14_2_7.cov~)

************************ setup ************************
  file loaded:		benchs/optim/medium/ex14_2_7.bch
  random seed:		3
  output COV file:	benchs/optim/medium/ex14_2_7.cov
*******************************************************

running............

[32m optimization successful!
[0m
 f* in	[0,3.51207063432e-09]
	(best bound)

 x* =	(0.322380654379 ; 0.322501509657 ; 0.222344211244 ; 0.132773615721 ; 63.5589262968 ; 3.51207063432e-09)
	(best feasible point)

 relative precision on f*:	inf
 absolute precision on f*:	3.51207063432e-09[32m [passed] [0m
 cpu time used:			84.9141530001s
 number of cells:		13312

 results written in benchs/optim/medium/ex14_2_7.cov
 (old file saved in benchs/optim/medium/ex14_2_7.cov~)

************************ setup ************************
  file loaded:		benchs/optim/medium/ex14_2_7.bch
  random seed:		4
  output COV file:	benchs/optim/medium/ex14_2_7.cov
*******************************************************

running............

[32m optimization successful!
[0m
 f* in	[0,1.02064512398e-09]
	(best bound)

 x* =	(0.32238066189 ; 0.322501514295 ; 0.222344215724 ; 0.132773617093 ; 63.5589267697 ; 1.02064512398e-09)
	(best feasible point)

 relative precision on f*:	inf
 absolute precision on f*:	1.02064512398e-09[32m [passed] [0m
 cpu time used:			51.1509830001s
 number of cells:		8160

 results written in benchs/optim/medium/ex14_2_7.cov
 (old file saved in benchs/optim/medium/ex14_2_7.cov~)

************************ setup ************************
  file loaded:		benchs/optim/medium/ex14_2_7.bch
  random seed:		5
  output COV file:	benchs/optim/medium/ex14_2_7.cov
*******************************************************

running............

[32m optimization successful!
[0m
 f* in	[0,2.65221166696e-08]
	(best bound)

 x* =	(0.322380656704 ; 0.322501504279 ; 0.222344209604 ; 0.132773624244 ; 63.5589263782 ; 2.65221166696e-08)
	(best feasible point)

 relative precision on f*:	inf
 absolute precision on f*:	2.65221166696e-08[32m [passed] [0m
 cpu time used:			82.6578180001s
 number of cells:		13428

 results written in benchs/optim/medium/ex14_2_7.cov
 (old file saved in benchs/optim/medium/ex14_2_7.cov~)

************************ setup ************************
  file loaded:		benchs/optim/medium/ex2_1_9fact.bch
  random seed:		1
  output COV file:	benchs/optim/medium/ex2_1_9fact.cov
*******************************************************

running............

[32m optimization successful!
[0m
 f* in	[-0.37536520553,-0.374989840325]
	(best bound)

 x* =	(0 ; 0 ; 0 ; 0.251958079466 ; 0.25 ; 0.251721127173 ; 0.246320802363 ; 0 ; 0 ; 0)
	(best feasible point)

 relative precision on f*:	0.001[32m [passed] [0m
 absolute precision on f*:	0.000375365205531
 cpu time used:			12.0015000001s
 number of cells:		4898

 results written in benchs/optim/medium/ex2_1_9fact.cov
 (old file saved in benchs/optim/medium/ex2_1_9fact.cov~)

************************ setup ************************
  file loaded:		benchs/optim/medium/ex2_1_9fact.bch
  random seed:		2
  output COV file:	benchs/optim/medium/ex2_1_9fact.cov
*******************************************************

running............

[32m optimization successful!
[0m
 f* in	[-0.375375328942,-0.374999953613]
	(best bound)

 x* =	(0 ; 0 ; 0 ; 0.25 ; 0.249769490451 ; 0.25023051855 ; 0.25 ; 0 ; 0 ; 0)
	(best feasible point)

 relative precision on f*:	0.001[32m [passed] [0m
 absolute precision on f*:	0.000375375328943
 cpu time used:			12.7087460001s
 number of cells:		5122

 results written in benchs/optim/medium/ex2_1_9fact.cov
 (old file saved in benchs/optim/medium/ex2_1_9fact.cov~)

************************ setup ************************
  file loaded:		benchs/optim/medium/ex2_1_9fact.bch
  random seed:		3
  output COV file:	benchs/optim/medium/ex2_1_9fact.cov
*******************************************************

running............

[32m optimization successful!
[0m
 f* in	[-0.375374192027,-0.374998817835]
	(best bound)

 x* =	(0 ; 0 ; 0 ; 0.25 ; 0.251090377962 ; 0.248909631039 ; 0.25 ; 0 ; 0 ; 0)
	(best feasible point)

 relative precision on f*:	0.001[32m [passed] [0m
 absolute precision on f*:	0.000375374192028
 cpu time used:			13.0376900001s
 number of cells:		5206

 results written in benchs/optim/medium/ex2_1_9fact.cov
 (old file saved in benchs/optim/medium/ex2_1_9fact.cov~)

************************ setup ************************
  file loaded:		benchs/optim/medium/ex2_1_9fact.bch
  random seed:		4
  output COV file:	benchs/optim/medium/ex2_1_9fact.cov
*******************************************************

running............

[32m optimization successful!
[0m
 f* in	[-0.375375382132,-0.375000006749]
	(best bound)

 x* =	(0 ; 0 ; 0 ; 0.25 ; 0.250000009 ; 0.25 ; 0.25 ; 0 ; 0 ; 0)
	(best feasible point)

 relative precision on f*:	0.001[32m [passed] [0m
 absolute precision on f*:	0.000375375382133
 cpu time used:			14.0821450001s
 number of cells:		5132

 results written in benchs/optim/medium/ex2_1_9fact.cov
 (old file saved in benchs/optim/medium/ex2_1_9fact.cov~)

************************ setup ************************
  file loaded:		benchs/optim/medium/ex2_1_9fact.bch
  random seed:		5
  output COV file:	benchs/optim/medium/ex2_1_9fact.cov
*******************************************************

running............

[32m optimization successful!
[0m
 f* in	[-0.375375382132,-0.375000006749]
	(best bound)

 x* =	(0 ; 0 ; 0 ; 0.25 ; 0.25 ; 0.250000009 ; 0.25 ; 0 ; 0 ; 0)
	(best feasible point)

 relative precision on f*:	0.001[32m [passed] [0m
 absolute precision on f*:	0.000375375382133
 cpu time used:			13.3348940001s
 number of cells:		5050

 results written in benchs/optim/medium/ex2_1_9fact.cov
 (old file saved in benchs/optim/medium/ex2_1_9fact.cov~)

************************ setup ************************
  file loaded:		benchs/optim/medium/ex6_1_4.bch
  random seed:		1
  output COV file:	benchs/optim/medium/ex6_1_4.cov
*******************************************************

running............

[32m optimization successful!
[0m
 f* in	[-0.294833325835,-0.294538492509]
	(best bound)

 x* =	(4.8561776348e-05 ; 0.996871010341 ; 0.00308041888309 ; 0.000328907049514 ; 0.997992623696 ; 0.0127185965568)
	(best feasible point)

 relative precision on f*:	0.001[32m [passed] [0m
 absolute precision on f*:	0.000294833325836
 cpu time used:			0.996811000001s
 number of cells:		226

 results written in benchs/optim/medium/ex6_1_4.cov
 (old file saved in benchs/optim/medium/ex6_1_4.cov~)

************************ setup ************************
  file loaded:		benchs/optim/medium/ex6_1_4.bch
  random seed:		2
  output COV file:	benchs/optim/medium/ex6_1_4.cov
*******************************************************

running............

[32m optimization successful!
[0m
 f* in	[-0.294658955818,-0.294364296862]
	(best bound)

 x* =	(8.61871380906e-06 ; 0.995914003962 ; 0.00407736832501 ; 5.80322567012e-05 ; 0.997358464828 ; 0.0167834000221)
	(best feasible point)

 relative precision on f*:	0.001[32m [passed] [0m
 absolute precision on f*:	0.000294658955819
 cpu time used:			1.34836700001s
 number of cells:		284

 results written in benchs/optim/medium/ex6_1_4.cov
 (old file saved in benchs/optim/medium/ex6_1_4.cov~)

************************ setup ************************
  file loaded:		benchs/optim/medium/ex6_1_4.bch
  random seed:		3
  output COV file:	benchs/optim/medium/ex6_1_4.cov
*******************************************************

running............

[32m optimization successful!
[0m
 f* in	[-0.294712417632,-0.294417705215]
	(best bound)

 x* =	(1.62420241597e-05 ; 0.996076510656 ; 0.00390723832032 ; 0.000109449361471 ; 0.997466473818 ; 0.0160914465452)
	(best feasible point)

 relative precision on f*:	0.001[32m [passed] [0m
 absolute precision on f*:	0.000294712417633
 cpu time used:			1.19213100001s
 number of cells:		224

 results written in benchs/optim/medium/ex6_1_4.cov
 (old file saved in benchs/optim/medium/ex6_1_4.cov~)

************************ setup ************************
  file loaded:		benchs/optim/medium/ex6_1_4.bch
  random seed:		4
  output COV file:	benchs/optim/medium/ex6_1_4.cov
*******************************************************

running............

[32m optimization successful!
[0m
 f* in	[-0.29456498711,-0.294270422123]
	(best bound)

 x* =	(1.62466694332e-05 ; 0.995537939376 ; 0.00444580495478 ; 0.000109205230736 ; 0.997117366352 ; 0.0182786810548)
	(best feasible point)

 relative precision on f*:	0.001[32m [passed] [0m
 absolute precision on f*:	0.000294564987111
 cpu time used:			1.07722400001s
 number of cells:		240

 results written in benchs/optim/medium/ex6_1_4.cov
 (old file saved in benchs/optim/medium/ex6_1_4.cov~)

************************ setup ************************
  file loaded:		benchs/optim/medium/ex6_1_4.bch
  random seed:		5
  output COV file:	benchs/optim/medium/ex6_1_4.cov
*******************************************************

running............

[32m optimization successful!
[0m
 f* in	[-0.294712423062,-0.294417710639]
	(best bound)

 x* =	(1.62439382633e-05 ; 0.996076508742 ; 0.00390723832032 ; 0.000109461817806 ; 0.997466473164 ; 0.0160914443679)
	(best feasible point)

 relative precision on f*:	0.001[32m [passed] [0m
 absolute precision on f*:	0.000294712423063
 cpu time used:			0.940025000001s
 number of cells:		224

 results written in benchs/optim/medium/ex6_1_4.cov
 (old file saved in benchs/optim/medium/ex6_1_4.cov~)

************************ setup ************************
  file loaded:		benchs/optim/medium/ex6_2_6.bch
  random seed:		1
  output COV file:	benchs/optim/medium/ex6_2_6.cov
*******************************************************

running............

[32m optimization successful!
[0m
 f* in	[-2.70250358308e-06,-2.60250358308e-06]
	(best bound)

 x* =	(0.0566807956762 ; 1.00000000001e-06 ; 0.943318213324)
	(best feasible point)

 relative precision on f*:	0.0370027261485
 absolute precision on f*:	1e-07[32m [passed] [0m
 cpu time used:			146.531127001s
 number of cells:		59934

 results written in benchs/optim/medium/ex6_2_6.cov
 (old file saved in benchs/optim/medium/ex6_2_6.cov~)

************************ setup ************************
  file loaded:		benchs/optim/medium/ex6_2_6.bch
  random seed:		2
  output COV file:	benchs/optim/medium/ex6_2_6.cov
*******************************************************

running............

[32m optimization successful!
[0m
 f* in	[-2.70250357775e-06,-2.60250357775e-06]
	(best bound)

 x* =	(0.0566807961155 ; 1.00000000001e-06 ; 0.943318212885)
	(best feasible point)

 relative precision on f*:	0.0370027262215
 absolute precision on f*:	1e-07[32m [passed] [0m
 cpu time used:			156.056160001s
 number of cells:		60534

 results written in benchs/optim/medium/ex6_2_6.cov
 (old file saved in benchs/optim/medium/ex6_2_6.cov~)

************************ setup ************************
  file loaded:		benchs/optim/medium/ex6_2_6.bch
  random seed:		3
  output COV file:	benchs/optim/medium/ex6_2_6.cov
*******************************************************

running............

[32m optimization successful!
[0m
 f* in	[-2.70250357569e-06,-2.60250357569e-06]
	(best bound)

 x* =	(0.0566807961637 ; 1.00000000001e-06 ; 0.943318212837)
	(best feasible point)

 relative precision on f*:	0.0370027262496
 absolute precision on f*:	1e-07[32m [passed] [0m
 cpu time used:			157.157050001s
 number of cells:		60284

 results written in benchs/optim/medium/ex6_2_6.cov
 (old file saved in benchs/optim/medium/ex6_2_6.cov~)

************************ setup ************************
  file loaded:		benchs/optim/medium/ex6_2_6.bch
  random seed:		4
  output COV file:	benchs/optim/medium/ex6_2_6.cov
*******************************************************

running............

[32m optimization successful!
[0m
 f* in	[-2.70250357569e-06,-2.60250357569e-06]
	(best bound)

 x* =	(0.0566807961637 ; 1.00000000001e-06 ; 0.943318212837)
	(best feasible point)

 relative precision on f*:	0.0370027262496
 absolute precision on f*:	1e-07[32m [passed] [0m
 cpu time used:			153.004452001s
 number of cells:		60308

 results written in benchs/optim/medium/ex6_2_6.cov
 (old file saved in benchs/optim/medium/ex6_2_6.cov~)

************************ setup ************************
  file loaded:		benchs/optim/medium/ex6_2_6.bch
  random seed:		5
  output COV file:	benchs/optim/medium/ex6_2_6.cov
*******************************************************

running............

[32m optimization successful!
[0m
 f* in	[-2.70250362998e-06,-2.60250362998e-06]
	(best bound)

 x* =	(0.0566807929647 ; 1.00000000001e-06 ; 0.943318216036)
	(best feasible point)

 relative precision on f*:	0.0370027255062
 absolute precision on f*:	1e-07[32m [passed] [0m
 cpu time used:			152.470535001s
 number of cells:		60414

 results written in benchs/optim/medium/ex6_2_6.cov
 (old file saved in benchs/optim/medium/ex6_2_6.cov~)

************************ setup ************************
  file loaded:		benchs/optim/medium/ex6_2_8.bch
  random seed:		1
  output COV file:	benchs/optim/medium/ex6_2_8.cov
*******************************************************

running............

[32m optimization successful!
[0m
 f* in	[-0.0270333392273,-0.0270063058881]
	(best bound)

 x* =	(0.71561201217 ; 0.00335792348161 ; 0.281030073349)
	(best feasible point)

 relative precision on f*:	0.001[32m [passed] [0m
 absolute precision on f*:	2.70333392274e-05
 cpu time used:			57.5162560001s
 number of cells:		31806

 results written in benchs/optim/medium/ex6_2_8.cov
 (old file saved in benchs/optim/medium/ex6_2_8.cov~)

************************ setup ************************
  file loaded:		benchs/optim/medium/ex6_2_8.bch
  random seed:		2
  output COV file:	benchs/optim/medium/ex6_2_8.cov
*******************************************************

running............

[32m optimization successful!
[0m
 f* in	[-0.0270333284482,-0.0270062951198]
	(best bound)

 x* =	(0.715636065437 ; 0.00335792355652 ; 0.281006020008)
	(best feasible point)

 relative precision on f*:	0.001[32m [passed] [0m
 absolute precision on f*:	2.70333284483e-05
 cpu time used:			52.2751540001s
 number of cells:		31746

 results written in benchs/optim/medium/ex6_2_8.cov
 (old file saved in benchs/optim/medium/ex6_2_8.cov~)

************************ setup ************************
  file loaded:		benchs/optim/medium/ex6_2_8.bch
  random seed:		3
  output COV file:	benchs/optim/medium/ex6_2_8.cov
*******************************************************

running............

[32m optimization successful!
[0m
 f* in	[-0.0270333322348,-0.0270062989025]
	(best bound)

 x* =	(0.715627916663 ; 0.00335792355652 ; 0.281014168782)
	(best feasible point)

 relative precision on f*:	0.001[32m [passed] [0m
 absolute precision on f*:	2.70333322349e-05
 cpu time used:			58.6113140001s
 number of cells:		31880

 results written in benchs/optim/medium/ex6_2_8.cov
 (old file saved in benchs/optim/medium/ex6_2_8.cov~)

************************ setup ************************
  file loaded:		benchs/optim/medium/ex6_2_8.bch
  random seed:		4
  output COV file:	benchs/optim/medium/ex6_2_8.cov
*******************************************************

running............

[32m optimization successful!
[0m
 f* in	[-0.0270333393912,-0.0270063060518]
	(best bound)

 x* =	(0.715611624277 ; 0.00335792355652 ; 0.281030461168)
	(best feasible point)

 relative precision on f*:	0.001[32m [passed] [0m
 absolute precision on f*:	2.70333393913e-05
 cpu time used:			52.5614520001s
 number of cells:		31676

 results written in benchs/optim/medium/ex6_2_8.cov
 (old file saved in benchs/optim/medium/ex6_2_8.cov~)

************************ setup ************************
  file loaded:		benchs/optim/medium/ex6_2_8.bch
  random seed:		5
  output COV file:	benchs/optim/medium/ex6_2_8.cov
*******************************************************

running............

[32m optimization successful!
[0m
 f* in	[-0.0270333476089,-0.0270063142613]
	(best bound)

 x* =	(0.71559113072 ; 0.00335792348161 ; 0.281050954799)
	(best feasible point)

 relative precision on f*:	0.001[32m [passed] [0m
 absolute precision on f*:	2.7033347609e-05
 cpu time used:			49.9149970001s
 number of cells:		31798

 results written in benchs/optim/medium/ex6_2_8.cov
 (old file saved in benchs/optim/medium/ex6_2_8.cov~)

************************ setup ************************
  file loaded:		benchs/optim/medium/ex7_3_4.bch
  random seed:		1
  output COV file:	benchs/optim/medium/ex7_3_4.cov
*******************************************************

running............

[32m optimization successful!
[0m
 f* in	[6.26865312129,6.27492177441]
	(best bound)

 x* =	(16.2749217735 ; 1.62749217645 ; 1.62749217645 ; 0.137250783256 ; 0.0500000000001 ; 144.056521179 ; 711.952494682 ; 652.248091887 ; 733.674362698 ; 519.16733312 ; 0.985085295454 ; 6.27492177441)
	(best feasible point)

 relative precision on f*:	0.001[32m [passed] [0m
 absolute precision on f*:	0.00626865312129
 cpu time used:			4.17483000001s
 number of cells:		542

 results written in benchs/optim/medium/ex7_3_4.cov

************************ setup ************************
  file loaded:		benchs/optim/medium/ex7_3_4.bch
  random seed:		2
  output COV file:	benchs/optim/medium/ex7_3_4.cov
*******************************************************

running............

[32m optimization successful!
[0m
 f* in	[6.2699337737,6.27620370747]
	(best bound)

 x* =	(16.2761531061 ; 1.62554392483 ; 1.62761534463 ; 0.137250094472 ; 0.0500278596614 ; 143.894961933 ; 711.153628956 ; 651.565902732 ; 732.835085202 ; 518.627892223 ; 0.985096074731 ; 6.27620370747)
	(best feasible point)

 relative precision on f*:	0.001[32m [passed] [0m
 absolute precision on f*:	0.0062699337737
 cpu time used:			4.47506400001s
 number of cells:		536

 results written in benchs/optim/medium/ex7_3_4.cov
 (old file saved in benchs/optim/medium/ex7_3_4.cov~)

************************ setup ************************
  file loaded:		benchs/optim/medium/ex7_3_4.bch
  random seed:		3
  output COV file:	benchs/optim/medium/ex7_3_4.cov
*******************************************************

running............

[32m optimization successful!
[0m
 f* in	[6.26865312846,6.27492178159]
	(best bound)

 x* =	(16.2749217786 ; 1.62749217666 ; 1.62749217716 ; 0.137250783185 ; 0.0500006181238 ; 144.056521244 ; 711.952491668 ; 652.24807488 ; 733.674396191 ; 519.167333786 ; 0.985085270886 ; 6.27492178159)
	(best feasible point)

 relative precision on f*:	0.001[32m [passed] [0m
 absolute precision on f*:	0.00626865312846
 cpu time used:			3.98510300001s
 number of cells:		502

 results written in benchs/optim/medium/ex7_3_4.cov
 (old file saved in benchs/optim/medium/ex7_3_4.cov~)

************************ setup ************************
  file loaded:		benchs/optim/medium/ex7_3_4.bch
  random seed:		4
  output COV file:	benchs/optim/medium/ex7_3_4.cov
*******************************************************

running............

[32m optimization successful!
[0m
 f* in	[6.2686670109,6.27493567791]
	(best bound)

 x* =	(16.2749316369 ; 1.62749241999 ; 1.62749253795 ; 0.137273774244 ; 0.0500000000001 ; 144.056574734 ; 711.950967251 ; 652.247538088 ; 733.675268507 ; 519.167943281 ; 0.985083630639 ; 6.27493567791)
	(best feasible point)

 relative precision on f*:	0.001[32m [passed] [0m
 absolute precision on f*:	0.0062686670109
 cpu time used:			4.68915000001s
 number of cells:		530

 results written in benchs/optim/medium/ex7_3_4.cov
 (old file saved in benchs/optim/medium/ex7_3_4.cov~)

************************ setup ************************
  file loaded:		benchs/optim/medium/ex7_3_4.bch
  random seed:		5
  output COV file:	benchs/optim/medium/ex7_3_4.cov
*******************************************************

running............

[32m optimization successful!
[0m
 f* in	[6.26866701591,6.27493568293]
	(best bound)

 x* =	(16.2749346288 ; 1.62749130834 ; 1.62749212997 ; 0.137273883052 ; 0.050026161304 ; 144.056440225 ; 711.950148721 ; 652.246078126 ; 733.676063688 ; 519.167399492 ; 0.985082530533 ; 6.27493568293)
	(best feasible point)

 relative precision on f*:	0.001[32m [passed] [0m
 absolute precision on f*:	0.00626866701591
 cpu time used:			2.64333300001s
 number of cells:		390

 results written in benchs/optim/medium/ex7_3_4.cov
 (old file saved in benchs/optim/medium/ex7_3_4.cov~)

************************ setup ************************
  file loaded:		benchs/optim/medium/ex7_3_4bis.bch
  random seed:		1
  output COV file:	benchs/optim/medium/ex7_3_4bis.cov
*******************************************************

running............

[32m optimization successful!
[0m
 f* in	[6.26652524229,6.27279176753]
	(best bound)

 x* =	(16.2727798557 ; 1.62727394412 ; 1.62727815262 ; 0.137272083325 ; 0.0657125378652 ; 0.984936575735 ; 6.27279176753)
	(best feasible point)

 relative precision on f*:	0.001[32m [passed] [0m
 absolute precision on f*:	0.00626652524229
 cpu time used:			3.28548800001s
 number of cells:		1074

 results written in benchs/optim/medium/ex7_3_4bis.cov

************************ setup ************************
  file loaded:		benchs/optim/medium/ex7_3_4bis.bch
  random seed:		2
  output COV file:	benchs/optim/medium/ex7_3_4bis.cov
*******************************************************

running............

[32m optimization successful!
[0m
 f* in	[6.2661108958,6.27237700669]
	(best bound)

 x* =	(16.2723770057 ; 1.62722514517 ; 1.62723448706 ; 0.137278070514 ; 0.0813618840335 ; 0.984427968333 ; 6.27237700669)
	(best feasible point)

 relative precision on f*:	0.001[32m [passed] [0m
 absolute precision on f*:	0.0062661108958
 cpu time used:			2.44335500001s
 number of cells:		934

 results written in benchs/optim/medium/ex7_3_4bis.cov
 (old file saved in benchs/optim/medium/ex7_3_4bis.cov~)

************************ setup ************************
  file loaded:		benchs/optim/medium/ex7_3_4bis.bch
  random seed:		3
  output COV file:	benchs/optim/medium/ex7_3_4bis.cov
*******************************************************

running............

[32m optimization successful!
[0m
 f* in	[6.26634005997,6.27260640003]
	(best bound)

 x* =	(16.2723064781 ; 1.6272095878 ; 1.62726063901 ; 0.137312641588 ; 0.0813063751395 ; 0.984430188372 ; 6.27260640003)
	(best feasible point)

 relative precision on f*:	0.001[32m [passed] [0m
 absolute precision on f*:	0.00626634005997
 cpu time used:			3.48886000001s
 number of cells:		1112

 results written in benchs/optim/medium/ex7_3_4bis.cov
 (old file saved in benchs/optim/medium/ex7_3_4bis.cov~)

************************ setup ************************
  file loaded:		benchs/optim/medium/ex7_3_4bis.bch
  random seed:		4
  output COV file:	benchs/optim/medium/ex7_3_4bis.cov
*******************************************************

running............

[32m optimization successful!
[0m
 f* in	[6.26613147706,6.27239760853]
	(best bound)

 x* =	(16.2723485228 ; 1.62723343796 ; 1.62723975986 ; 0.137277558765 ; 0.0813619870427 ; 0.984428625854 ; 6.27239760853)
	(best feasible point)

 relative precision on f*:	0.001[32m [passed] [0m
 absolute precision on f*:	0.00626613147705
 cpu time used:			2.65320200001s
 number of cells:		954

 results written in benchs/optim/medium/ex7_3_4bis.cov
 (old file saved in benchs/optim/medium/ex7_3_4bis.cov~)

************************ setup ************************
  file loaded:		benchs/optim/medium/ex7_3_4bis.bch
  random seed:		5
  output COV file:	benchs/optim/medium/ex7_3_4bis.cov
*******************************************************

running............

[32m optimization successful!
[0m
 f* in	[6.26611876557,6.27238488434]
	(best bound)

 x* =	(16.2723649456 ; 1.62723367358 ; 1.62723661592 ; 0.137284745418 ; 0.0813479003962 ; 0.984428182445 ; 6.27238488434)
	(best feasible point)

 relative precision on f*:	0.001[32m [passed] [0m
 absolute precision on f*:	0.00626611876557
 cpu time used:			2.76267900001s
 number of cells:		922

 results written in benchs/optim/medium/ex7_3_4bis.cov
 (old file saved in benchs/optim/medium/ex7_3_4bis.cov~)

************************ setup ************************
  file loaded:		benchs/optim/medium/ex14_2_3.bch
  random seed:		1
  output COV file:	benchs/optim/medium/ex14_2_3.cov
*******************************************************

running............

[32m optimization successful!
[0m
 f* in	[0,1.02493009635e-08]
	(best bound)

 x* =	(0.295457894744 ; 0.147590244461 ; 0.462938771189 ; 0.0940130908715 ; 57.1536489617 ; 1.02493009635e-08)
	(best feasible point)

 relative precision on f*:	inf
 absolute precision on f*:	1.02493009635e-08[32m [passed] [0m
 cpu time used:			3.09440500001s
 number of cells:		588

 results written in benchs/optim/medium/ex14_2_3.cov
 (old file saved in benchs/optim/medium/ex14_2_3.cov~)

************************ setup ************************
  file loaded:		benchs/optim/medium/ex14_2_3.bch
  random seed:		2
  output COV file:	benchs/optim/medium/ex14_2_3.cov
*******************************************************

running............

[32m optimization successful!
[0m
 f* in	[0,1.03075037395e-09]
	(best bound)

 x* =	(0.295457892698 ; 0.147590244527 ; 0.462938765535 ; 0.0940130882409 ; 57.1536486967 ; 1.03075037395e-09)
	(best feasible point)

 relative precision on f*:	inf
 absolute precision on f*:	1.03075037395e-09[32m [passed] [0m
 cpu time used:			2.89834600001s
 number of cells:		580

 results written in benchs/optim/medium/ex14_2_3.cov
 (old file saved in benchs/optim/medium/ex14_2_3.cov~)

************************ setup ************************
  file loaded:		benchs/optim/medium/ex14_2_3.bch
  random seed:		3
  output COV file:	benchs/optim/medium/ex14_2_3.cov
*******************************************************

running............

[32m optimization successful!
[0m
 f* in	[0,7.98200616159e-08]
	(best bound)

 x* =	(0.295457565889 ; 0.147590034431 ; 0.462938939398 ; 0.0940134512831 ; 57.1536484566 ; 7.98200616159e-08)
	(best feasible point)

 relative precision on f*:	inf
 absolute precision on f*:	7.98200616159e-08[32m [passed] [0m
 cpu time used:			3.14945600001s
 number of cells:		644

 results written in benchs/optim/medium/ex14_2_3.cov
 (old file saved in benchs/optim/medium/ex14_2_3.cov~)

************************ setup ************************
  file loaded:		benchs/optim/medium/ex14_2_3.bch
  random seed:		4
  output COV file:	benchs/optim/medium/ex14_2_3.cov
*******************************************************

running............

[32m optimization successful!
[0m
 f* in	[0,1.02797689805e-09]
	(best bound)

 x* =	(0.295457894437 ; 0.147590244468 ; 0.462938776557 ; 0.0940130935404 ; 57.1536491761 ; 1.02797689805e-09)
	(best feasible point)

 relative precision on f*:	inf
 absolute precision on f*:	1.02797689805e-09[32m [passed] [0m
 cpu time used:			3.05424300001s
 number of cells:		668

 results written in benchs/optim/medium/ex14_2_3.cov
 (old file saved in benchs/optim/medium/ex14_2_3.cov~)

************************ setup ************************
  file loaded:		benchs/optim/medium/ex14_2_3.bch
  random seed:		5
  output COV file:	benchs/optim/medium/ex14_2_3.cov
*******************************************************

running............

[32m optimization successful!
[0m
 f* in	[0,1.80139053397e-08]
	(best bound)

 x* =	(0.295457893641 ; 0.14759024059 ; 0.462938777188 ; 0.094013097584 ; 57.153649184 ; 1.80139053397e-08)
	(best feasible point)

 relative precision on f*:	inf
 absolute precision on f*:	1.80139053397e-08[32m [passed] [0m
 cpu time used:			3.94918900001s
 number of cells:		684

 results written in benchs/optim/medium/ex14_2_3.cov
 (old file saved in benchs/optim/medium/ex14_2_3.cov~)

************************ setup ************************
  file loaded:		benchs/optim/medium/haverly.bch
  random seed:		1
  output COV file:	benchs/optim/medium/haverly.cov
*******************************************************

running............

[32m optimization successful!
[0m
 f* in	[-400.392530643,-399.992138112]
	(best bound)

 x* =	(2599.98510287 ; 2999.97724098 ; 0.00163214613506 ; 100.001006958 ; 99.9959198671 ; 0.000190689711953 ; 199.998368318 ; 0 ; 99.9959198761 ; 0.000190680711953 ; 100.002448433 ; 1.00003264198)
	(best feasible point)

 relative precision on f*:	0.001[32m [passed] [0m
 absolute precision on f*:	0.400392530644
 cpu time used:			1.05625100001s
 number of cells:		156

 results written in benchs/optim/medium/haverly.cov
 (old file saved in benchs/optim/medium/haverly.cov~)

************************ setup ************************
  file loaded:		benchs/optim/medium/haverly.bch
  random seed:		2
  output COV file:	benchs/optim/medium/haverly.cov
*******************************************************

running............

[32m optimization successful!
[0m
 f* in	[-400.351422562,-399.951071139]
	(best bound)

 x* =	(2599.94636158 ; 2999.89743272 ; 0.00822079546234 ; 100.00640759 ; 99.9794515372 ; 0.00229444555559 ; 199.991785513 ; 0 ; 99.9794515462 ; 0.00229443655559 ; 100.012333958 ; 1.00016439178)
	(best feasible point)

 relative precision on f*:	0.001[32m [passed] [0m
 absolute precision on f*:	0.400351422563
 cpu time used:			1.11663500001s
 number of cells:		152

 results written in benchs/optim/medium/haverly.cov
 (old file saved in benchs/optim/medium/haverly.cov~)

************************ setup ************************
  file loaded:		benchs/optim/medium/haverly.bch
  random seed:		3
  output COV file:	benchs/optim/medium/haverly.cov
*******************************************************

running............

[32m optimization successful!
[0m
 f* in	[-400.328882975,-399.928554092]
	(best bound)

 x* =	(2599.87479824 ; 2999.80335233 ; 0.0143405938745 ; 100.009197787 ; 99.9641590094 ; 0.00201817831393 ; 199.985679248 ; 0 ; 99.9641590184 ; 0.00201816931393 ; 100.021520221 ; 1.0002867443)
	(best feasible point)

 relative precision on f*:	0.001[32m [passed] [0m
 absolute precision on f*:	0.400328882976
 cpu time used:			1.24608300001s
 number of cells:		156

 results written in benchs/optim/medium/haverly.cov
 (old file saved in benchs/optim/medium/haverly.cov~)

************************ setup ************************
  file loaded:		benchs/optim/medium/haverly.bch
  random seed:		4
  output COV file:	benchs/optim/medium/haverly.cov
*******************************************************

running............

[32m optimization successful!
[0m
 f* in	[-400.018995397,-399.618976402]
	(best bound)

 x* =	(2599.51911893 ; 2999.13809533 ; 0.0674429565635 ; 100.049903748 ; 99.8316001242 ; 0.0160179396685 ; 199.932928925 ; 0 ; 99.8316001332 ; 0.0160179306685 ; 100.101328783 ; 1.00134727806)
	(best feasible point)

 relative precision on f*:	0.001[32m [passed] [0m
 absolute precision on f*:	0.400018995398
 cpu time used:			1.25059100001s
 number of cells:		154

 results written in benchs/optim/medium/haverly.cov
 (old file saved in benchs/optim/medium/haverly.cov~)

************************ setup ************************
  file loaded:		benchs/optim/medium/haverly.bch
  random seed:		5
  output COV file:	benchs/optim/medium/haverly.cov
*******************************************************

running............

[32m optimization successful!
[0m
 f* in	[-400.006101367,-399.606095265]
	(best bound)

 x* =	(2599.58182012 ; 2999.18791538 ; 0.0657677889697 ; 100.051840392 ; 99.835776713 ; 0.0188097610758 ; 199.934575168 ; 0 ; 99.835776722 ; 0.0188097520758 ; 100.098798437 ; 1.00131381055)
	(best feasible point)

 relative precision on f*:	0.001[32m [passed] [0m
 absolute precision on f*:	0.400006101368
 cpu time used:			1.13078300001s
 number of cells:		150

 results written in benchs/optim/medium/haverly.cov
 (old file saved in benchs/optim/medium/haverly.cov~)
